mode: set
github.com/newrelic/nrdot-collector-components/extension/usecaseextension/internal/source/static.go:14.64,16.2 1 1
github.com/newrelic/nrdot-collector-components/extension/usecaseextension/config.go:25.37,26.30 1 1
github.com/newrelic/nrdot-collector-components/extension/usecaseextension/config.go:26.30,28.3 1 1
github.com/newrelic/nrdot-collector-components/extension/usecaseextension/config.go:29.2,29.36 1 1
github.com/newrelic/nrdot-collector-components/extension/usecaseextension/config.go:29.36,31.3 1 1
github.com/newrelic/nrdot-collector-components/extension/usecaseextension/config.go:32.2,32.12 1 1
github.com/newrelic/nrdot-collector-components/extension/usecaseextension/extension.go:25.78,26.16 1 1
github.com/newrelic/nrdot-collector-components/extension/usecaseextension/extension.go:26.16,28.3 1 1
github.com/newrelic/nrdot-collector-components/extension/usecaseextension/extension.go:29.2,29.30 1 1
github.com/newrelic/nrdot-collector-components/extension/usecaseextension/extension.go:29.30,31.3 1 1
github.com/newrelic/nrdot-collector-components/extension/usecaseextension/extension.go:33.2,37.8 1 1
github.com/newrelic/nrdot-collector-components/extension/usecaseextension/extension.go:40.98,45.2 1 1
github.com/newrelic/nrdot-collector-components/extension/usecaseextension/factory.go:14.37,21.2 1 1
github.com/newrelic/nrdot-collector-components/extension/usecaseextension/factory.go:23.45,25.2 1 1
github.com/newrelic/nrdot-collector-components/extension/usecaseextension/factory.go:31.32,33.2 1 1
github.com/newrelic/nrdot-collector-components/extension/usecaseextension/roundtripper.go:17.85,21.16 3 1
github.com/newrelic/nrdot-collector-components/extension/usecaseextension/roundtripper.go:21.16,23.3 1 0
github.com/newrelic/nrdot-collector-components/extension/usecaseextension/roundtripper.go:25.2,25.19 1 1
github.com/newrelic/nrdot-collector-components/extension/usecaseextension/roundtripper.go:25.19,27.15 2 1
github.com/newrelic/nrdot-collector-components/extension/usecaseextension/roundtripper.go:27.15,29.4 1 1
github.com/newrelic/nrdot-collector-components/extension/usecaseextension/roundtripper.go:29.9,31.4 1 1
github.com/newrelic/nrdot-collector-components/extension/usecaseextension/roundtripper.go:32.3,32.36 1 1
github.com/newrelic/nrdot-collector-components/extension/usecaseextension/roundtripper.go:35.2,35.32 1 1
