mode: set
github.com/newrelic/nrdot-collector-components/extension/usecasesetterextension/config.go:33.37,34.30 1 1
github.com/newrelic/nrdot-collector-components/extension/usecasesetterextension/config.go:34.30,36.3 1 1
github.com/newrelic/nrdot-collector-components/extension/usecasesetterextension/config.go:37.2,38.70 2 1
github.com/newrelic/nrdot-collector-components/extension/usecasesetterextension/config.go:38.70,40.3 1 1
github.com/newrelic/nrdot-collector-components/extension/usecasesetterextension/config.go:41.2,43.46 1 1
github.com/newrelic/nrdot-collector-components/extension/usecasesetterextension/config.go:43.46,45.3 1 1
github.com/newrelic/nrdot-collector-components/extension/usecasesetterextension/config.go:46.2,46.12 1 1
github.com/newrelic/nrdot-collector-components/extension/usecasesetterextension/extension.go:25.78,26.16 1 1
github.com/newrelic/nrdot-collector-components/extension/usecasesetterextension/extension.go:26.16,28.3 1 1
github.com/newrelic/nrdot-collector-components/extension/usecasesetterextension/extension.go:29.2,29.30 1 1
github.com/newrelic/nrdot-collector-components/extension/usecasesetterextension/extension.go:29.30,31.3 1 1
github.com/newrelic/nrdot-collector-components/extension/usecasesetterextension/extension.go:33.2,35.8 1 1
github.com/newrelic/nrdot-collector-components/extension/usecasesetterextension/extension.go:38.98,43.2 1 1
github.com/newrelic/nrdot-collector-components/extension/usecasesetterextension/extension.go:45.54,48.9 2 1
github.com/newrelic/nrdot-collector-components/extension/usecasesetterextension/extension.go:49.22,52.4 1 1
github.com/newrelic/nrdot-collector-components/extension/usecasesetterextension/extension.go:53.30,55.28 2 1
github.com/newrelic/nrdot-collector-components/extension/usecasesetterextension/extension.go:55.28,57.4 1 1
github.com/newrelic/nrdot-collector-components/extension/usecasesetterextension/extension.go:58.3,61.4 1 1
github.com/newrelic/nrdot-collector-components/extension/usecasesetterextension/extension.go:62.28,64.28 2 1
github.com/newrelic/nrdot-collector-components/extension/usecasesetterextension/extension.go:64.28,66.4 1 1
github.com/newrelic/nrdot-collector-components/extension/usecasesetterextension/extension.go:67.3,70.4 1 1
github.com/newrelic/nrdot-collector-components/extension/usecasesetterextension/extension.go:73.2,73.10 1 1
github.com/newrelic/nrdot-collector-components/extension/usecasesetterextension/factory.go:16.37,23.2 1 1
github.com/newrelic/nrdot-collector-components/extension/usecasesetterextension/factory.go:25.45,27.2 1 1
github.com/newrelic/nrdot-collector-components/extension/usecasesetterextension/factory.go:33.32,35.2 1 1
github.com/newrelic/nrdot-collector-components/extension/usecasesetterextension/roundtripper.go:17.85,21.16 3 1
github.com/newrelic/nrdot-collector-components/extension/usecasesetterextension/roundtripper.go:21.16,23.3 1 1
github.com/newrelic/nrdot-collector-components/extension/usecasesetterextension/roundtripper.go:25.2,25.19 1 1
github.com/newrelic/nrdot-collector-components/extension/usecasesetterextension/roundtripper.go:25.19,27.15 2 1
github.com/newrelic/nrdot-collector-components/extension/usecasesetterextension/roundtripper.go:27.15,29.4 1 1
github.com/newrelic/nrdot-collector-components/extension/usecasesetterextension/roundtripper.go:29.9,31.4 1 1
github.com/newrelic/nrdot-collector-components/extension/usecasesetterextension/roundtripper.go:32.3,32.36 1 1
github.com/newrelic/nrdot-collector-components/extension/usecasesetterextension/roundtripper.go:35.2,35.32 1 1
github.com/newrelic/nrdot-collector-components/extension/usecasesetterextension/internal/source/attribute.go:20.69,24.26 3 1
github.com/newrelic/nrdot-collector-components/extension/usecasesetterextension/internal/source/attribute.go:25.14,26.16 1 1
github.com/newrelic/nrdot-collector-components/extension/usecasesetterextension/internal/source/attribute.go:27.11,28.30 1 1
github.com/newrelic/nrdot-collector-components/extension/usecasesetterextension/internal/source/attribute.go:29.10,31.17 2 1
github.com/newrelic/nrdot-collector-components/extension/usecasesetterextension/internal/source/attribute.go:31.17,33.4 1 1
github.com/newrelic/nrdot-collector-components/extension/usecasesetterextension/internal/source/attribute.go:34.3,34.24 1 1
github.com/newrelic/nrdot-collector-components/extension/usecasesetterextension/internal/source/context.go:20.67,24.18 3 1
github.com/newrelic/nrdot-collector-components/extension/usecasesetterextension/internal/source/context.go:24.18,26.3 1 1
github.com/newrelic/nrdot-collector-components/extension/usecasesetterextension/internal/source/context.go:28.2,28.17 1 1
github.com/newrelic/nrdot-collector-components/extension/usecasesetterextension/internal/source/context.go:28.17,30.3 1 1
github.com/newrelic/nrdot-collector-components/extension/usecasesetterextension/internal/source/context.go:32.2,32.19 1 1
github.com/newrelic/nrdot-collector-components/extension/usecasesetterextension/internal/source/static.go:14.64,16.2 1 1
